<?xml version="1.0" encoding="UTF-8"?>
<!-- Generated by org.testng.reporters.JUnitReportReporter -->
<testsuite hostname="MP-PC" name="Tests.Test2TCs" tests="2" failures="0" timestamp="31 Mar 2019 08:26:05 GMT" time="38.028" errors="0">
  <testcase name="T21" time="29.390" classname="Tests.Test2TCs"/>
  <testcase name="T22" time="8.638" classname="Tests.Test2TCs"/>
</testsuite> <!-- Tests.Test2TCs -->
