<?xml version="1.0" encoding="UTF-8"?>
<!-- Generated by org.testng.reporters.JUnitReportReporter -->
<testsuite hostname="MP-PC" name="Tests.Test1TCs" tests="2" failures="0" timestamp="31 Mar 2019 08:26:05 GMT" time="4.670" errors="0">
  <testcase name="T12" time="1.303" classname="Tests.Test1TCs"/>
  <testcase name="T11" time="3.367" classname="Tests.Test1TCs"/>
</testsuite> <!-- Tests.Test1TCs -->
